<?xml version="1.0" encoding="UTF-8"?>
<!-- Generated by org.testng.reporters.JUnitXMLReporter -->
<testsuite ignored="0" hostname="LTIN200674" failures="0" tests="3" name="Test" time="40.663" errors="0" timestamp="2022-03-30T10:33:59 IST">
  <testcase classname="com.mmp.scripts.TC_01" name="HomePage" time="7.771"/>
  <testcase classname="com.mmp.scripts.TC_01" name="CabSearch" time="16.386"/>
  <testcase classname="com.mmp.scripts.TC_01" name="CabsList" time="6.916"/>
</testsuite> <!-- Test -->
